<?xml version="1.0" encoding="UTF-8"?>
<!-- Generated by org.testng.reporters.JUnitReportReporter -->
<testsuite hostname="KairosHW0441" failures="0" tests="1" name="day3.CookiesAndHeaders" time="2.205" errors="0" timestamp="2023-11-07T15:03:03 IST" skipped="0">
  <testcase classname="day3.CookiesAndHeaders" name="getCookieInfo" time="2.205"/>
  <system-out/>
</testsuite> <!-- day3.CookiesAndHeaders -->
