<?xml version="1.0" encoding="UTF-8"?>
<!-- Generated by org.testng.reporters.JUnitReportReporter -->
<testsuite hostname="KairosHW0441" failures="0" tests="1" name="day3.PathAndQueryParameters" time="2.643" errors="0" timestamp="2023-11-05T11:04:45 IST" skipped="0">
  <testcase classname="day3.PathAndQueryParameters" name="pathAndQueryParameters" time="2.643"/>
  <system-out/>
</testsuite> <!-- day3.PathAndQueryParameters -->
