<?xml version="1.0" encoding="UTF-8"?>
<!-- Generated by org.testng.reporters.JUnitReportReporter -->
<testsuite hostname="KairosHW0441" failures="0" tests="1" name="day1.HTTPRequests" time="2.038" errors="0" timestamp="2024-04-15T16:44:51 IST" skipped="0">
  <testcase classname="day1.HTTPRequests" name="getUser" time="2.038"/>
  <system-out/>
</testsuite> <!-- day1.HTTPRequests -->
