<?xml version="1.0" encoding="UTF-8"?>
<!-- Generated by org.testng.reporters.JUnitReportReporter -->
<testsuite hostname="KairosHW0441" failures="0" tests="1" name="day3.HeadeRs" time="1.962" errors="0" timestamp="2023-11-08T11:06:45 IST" skipped="0">
  <testcase classname="day3.HeadeRs" name="getHeadersInfo" time="1.962"/>
  <system-out/>
</testsuite> <!-- day3.HeadeRs -->
