<?xml version="1.0" encoding="UTF-8"?>
<!-- Generated by org.testng.reporters.JUnitReportReporter -->
<testsuite hostname="KairosHW0441" failures="0" tests="1" name="day3.WhatIsLog" time="2.026" errors="0" timestamp="2023-11-08T11:23:34 IST" skipped="0">
  <testcase classname="day3.WhatIsLog" name="differentLogs" time="2.026"/>
  <system-out/>
</testsuite> <!-- day3.WhatIsLog -->
