<?xml version="1.0" encoding="UTF-8"?>
<!-- Generated by org.testng.reporters.JUnitReportReporter -->
<testsuite hostname="KairosHW0441" failures="0" tests="1" name="day4.ValidatingYears" time="1.566" errors="0" timestamp="2023-11-18T11:47:23 IST" skipped="0">
  <testcase classname="day4.ValidatingYears" name="validateUsingTestNGAssertion1" time="1.566"/>
  <system-out/>
</testsuite> <!-- day4.ValidatingYears -->
