<?xml version="1.0" encoding="UTF-8"?>
<!-- Generated by org.testng.reporters.JUnitReportReporter -->
<testsuite hostname="KairosHW0441" failures="0" tests="1" name="day2.DifferentWaysToCreatePostRequestBody" time="2.335" errors="0" timestamp="2023-11-03T16:24:57 IST" skipped="0">
  <testcase classname="day2.DifferentWaysToCreatePostRequestBody" name="postDataUsingExternalJson" time="2.335"/>
  <system-out/>
</testsuite> <!-- day2.DifferentWaysToCreatePostRequestBody -->
