<?xml version="1.0" encoding="UTF-8"?>
<!-- Generated by org.testng.reporters.JUnitReportReporter -->
<testsuite hostname="KairosHW0441" failures="0" tests="1" name="day4.ParsingJsonResponseData" time="1.758" errors="0" timestamp="2023-11-17T15:56:35 IST" skipped="0">
  <testcase classname="day4.ParsingJsonResponseData" name="validateUsingTestNGAssertion1" time="1.758"/>
  <system-out/>
</testsuite> <!-- day4.ParsingJsonResponseData -->
